Log entry 0: [WARNING] Initialization complete
Log entry 1: [ERROR] User authentication failed
Log entry 2: [ERROR] Memory allocation error
Log entry 3: [INFO] Network connection lost
Log entry 4: [INFO] File not found
Log entry 5: [WARNING] Memory allocation error
Log entry 6: [WARNING] Processing request
Log entry 7: [INFO] Data successfully processed
Log entry 8: [INFO] Configuration file missing
Log entry 9: [CRITICAL] Network connection lost
Log entry 10: [INFO] Network connection lost
Log entry 11: [ERROR] Network connection lost
Log entry 12: [CRITICAL] Database connection established
Log entry 13: [DEBUG] File not found
Log entry 14: [DEBUG] Memory allocation error
Log entry 15: [WARNING] Data successfully processed
Log entry 16: [CRITICAL] Memory allocation error
Log entry 17: [INFO] Disk usage is high
Log entry 18: [DEBUG] Processing request
Log entry 19: [INFO] User authentication failed
Log entry 20: [DEBUG] Initialization complete
Log entry 21: [WARNING] Processing request
Log entry 22: [INFO] File not found
Log entry 23: [WARNING] Configuration file missing
Log entry 24: [WARNING] Initialization complete
Log entry 25: [ERROR] Initialization complete
Log entry 26: [ERROR] Configuration file missing
Log entry 27: [DEBUG] Memory allocation error
Log entry 28: [CRITICAL] Processing request
Log entry 29: [WARNING] Disk usage is high
Log entry 30: [INFO] Network connection lost
Log entry 31: [ERROR] User authentication failed
Log entry 32: [INFO] Database connection established
Log entry 33: [WARNING] Initialization complete
Log entry 34: [ERROR] Data successfully processed
Log entry 35: [DEBUG] Data successfully processed
Log entry 36: [CRITICAL] Configuration file missing
Log entry 37: [CRITICAL] User authentication failed
Log entry 38: [CRITICAL] Disk usage is high
Log entry 39: [WARNING] Data successfully processed
Log entry 40: [CRITICAL] Network connection lost
Log entry 41: [DEBUG] File not found
Log entry 42: [WARNING] Initialization complete
Log entry 43: [DEBUG] Disk usage is high
Log entry 44: [ERROR] Memory allocation error
Log entry 45: [INFO] Database connection established
Log entry 46: [ERROR] Data successfully processed
Log entry 47: [DEBUG] Disk usage is high
Log entry 48: [ERROR] Data successfully processed
Log entry 49: [WARNING] Processing request
Log entry 50: [INFO] Network connection lost
Log entry 51: [CRITICAL] User authentication failed
Log entry 52: [CRITICAL] File not found
Log entry 53: [WARNING] Memory allocation error
Log entry 54: [DEBUG] Initialization complete
Log entry 55: [WARNING] Processing request
Log entry 56: [INFO] Disk usage is high
Log entry 57: [CRITICAL] Network connection lost
Log entry 58: [CRITICAL] File not found
Log entry 59: [DEBUG] Database connection established
Log entry 60: [CRITICAL] Disk usage is high
Log entry 61: [ERROR] Processing request
Log entry 62: [DEBUG] Initialization complete
Log entry 63: [ERROR] Memory allocation error
Log entry 64: [INFO] Database connection established
Log entry 65: [DEBUG] User authentication failed
Log entry 66: [CRITICAL] Initialization complete
Log entry 67: [WARNING] Disk usage is high
Log entry 68: [DEBUG] Network connection lost
Log entry 69: [INFO] Initialization complete
Log entry 70: [CRITICAL] Network connection lost
Log entry 71: [ERROR] Disk usage is high
Log entry 72: [ERROR] Initialization complete
Log entry 73: [ERROR] Database connection established
Log entry 74: [DEBUG] Memory allocation error
Log entry 75: [WARNING] Database connection established
Log entry 76: [INFO] File not found
Log entry 77: [ERROR] Initialization complete
Log entry 78: [WARNING] Data successfully processed
Log entry 79: [CRITICAL] File not found
Log entry 80: [INFO] Initialization complete
Log entry 81: [WARNING] Processing request
Log entry 82: [WARNING] Initialization complete
Log entry 83: [CRITICAL] Initialization complete
Log entry 84: [DEBUG] User authentication failed
Log entry 85: [DEBUG] File not found
Log entry 86: [INFO] Disk usage is high
Log entry 87: [WARNING] Disk usage is high
Log entry 88: [ERROR] User authentication failed
Log entry 89: [CRITICAL] Processing request
Log entry 90: [ERROR] Configuration file missing
Log entry 91: [WARNING] Initialization complete
Log entry 92: [INFO] Database connection established
Log entry 93: [DEBUG] User authentication failed
Log entry 94: [INFO] User authentication failed
Log entry 95: [WARNING] Data successfully processed
Log entry 96: [WARNING] Network connection lost
Log entry 97: [CRITICAL] Database connection established
Log entry 98: [DEBUG] Initialization complete
Log entry 99: [WARNING] Data successfully processed
Log entry 100: [WARNING] File not found
Log entry 101: [INFO] Data successfully processed
Log entry 102: [CRITICAL] Memory allocation error
Log entry 103: [CRITICAL] Data successfully processed
Log entry 104: [INFO] Disk usage is high
Log entry 105: [DEBUG] Network connection lost
Log entry 106: [INFO] Disk usage is high
Log entry 107: [INFO] User authentication failed
Log entry 108: [WARNING] User authentication failed
Log entry 109: [DEBUG] Processing request
Log entry 110: [WARNING] Data successfully processed
Log entry 111: [INFO] Disk usage is high
Log entry 112: [CRITICAL] Configuration file missing
Log entry 113: [ERROR] Database connection established
Log entry 114: [INFO] Initialization complete
Log entry 115: [WARNING] File not found
Log entry 116: [WARNING] File not found
Log entry 117: [WARNING] File not found
Log entry 118: [INFO] Disk usage is high
Log entry 119: [DEBUG] Disk usage is high
Log entry 120: [INFO] Memory allocation error
Log entry 121: [INFO] Configuration file missing
Log entry 122: [WARNING] User authentication failed
Log entry 123: [ERROR] Configuration file missing
Log entry 124: [ERROR] Database connection established
Log entry 125: [INFO] Configuration file missing
Log entry 126: [ERROR] User authentication failed
Log entry 127: [DEBUG] Configuration file missing
Log entry 128: [DEBUG] User authentication failed
Log entry 129: [ERROR] Processing request
Log entry 130: [ERROR] File not found
Log entry 131: [ERROR] Memory allocation error
Log entry 132: [CRITICAL] Data successfully processed
Log entry 133: [DEBUG] Initialization complete
Log entry 134: [INFO] Initialization complete
Log entry 135: [ERROR] Memory allocation error
Log entry 136: [DEBUG] Data successfully processed
Log entry 137: [ERROR] Data successfully processed
Log entry 138: [WARNING] Configuration file missing
Log entry 139: [WARNING] Data successfully processed
Log entry 140: [WARNING] File not found
Log entry 141: [ERROR] Network connection lost
Log entry 142: [CRITICAL] Database connection established
Log entry 143: [CRITICAL] Disk usage is high
Log entry 144: [DEBUG] Configuration file missing
Log entry 145: [DEBUG] Network connection lost
Log entry 146: [WARNING] Initialization complete
Log entry 147: [ERROR] Network connection lost
Log entry 148: [WARNING] Initialization complete
Log entry 149: [ERROR] File not found
Log entry 150: [INFO] Database connection established
Log entry 151: [CRITICAL] Initialization complete
Log entry 152: [WARNING] Network connection lost
Log entry 153: [ERROR] Initialization complete
Log entry 154: [DEBUG] Network connection lost
Log entry 155: [INFO] File not found
Log entry 156: [CRITICAL] Memory allocation error
Log entry 157: [ERROR] Initialization complete
Log entry 158: [WARNING] User authentication failed
Log entry 159: [ERROR] Initialization complete
Log entry 160: [DEBUG] User authentication failed
Log entry 161: [DEBUG] Processing request
Log entry 162: [INFO] Configuration file missing
Log entry 163: [INFO] Disk usage is high
Log entry 164: [INFO] Initialization complete
Log entry 165: [WARNING] Disk usage is high
Log entry 166: [WARNING] Data successfully processed
Log entry 167: [INFO] Disk usage is high
Log entry 168: [ERROR] User authentication failed
Log entry 169: [WARNING] Processing request
Log entry 170: [WARNING] Processing request
Log entry 171: [DEBUG] Network connection lost
Log entry 172: [WARNING] Processing request
Log entry 173: [DEBUG] Processing request
Log entry 174: [DEBUG] Database connection established
Log entry 175: [CRITICAL] User authentication failed
Log entry 176: [INFO] Network connection lost
Log entry 177: [DEBUG] Memory allocation error
Log entry 178: [DEBUG] Processing request
Log entry 179: [DEBUG] Database connection established
Log entry 180: [INFO] Memory allocation error
Log entry 181: [INFO] File not found
Log entry 182: [ERROR] File not found
Log entry 183: [WARNING] Database connection established
Log entry 184: [WARNING] Network connection lost
Log entry 185: [INFO] Configuration file missing
Log entry 186: [WARNING] Processing request
Log entry 187: [WARNING] Data successfully processed
Log entry 188: [ERROR] Memory allocation error
Log entry 189: [DEBUG] Initialization complete
Log entry 190: [ERROR] Disk usage is high
Log entry 191: [WARNING] User authentication failed
Log entry 192: [CRITICAL] Initialization complete
Log entry 193: [DEBUG] User authentication failed
Log entry 194: [CRITICAL] Disk usage is high
Log entry 195: [DEBUG] Processing request
Log entry 196: [WARNING] File not found
Log entry 197: [INFO] Network connection lost
Log entry 198: [INFO] Configuration file missing
Log entry 199: [WARNING] Network connection lost
Log entry 200: [WARNING] Network connection lost
Log entry 201: [WARNING] Memory allocation error
Log entry 202: [CRITICAL] Data successfully processed
Log entry 203: [WARNING] Memory allocation error
Log entry 204: [WARNING] Configuration file missing
Log entry 205: [ERROR] Database connection established
Log entry 206: [INFO] Data successfully processed
Log entry 207: [DEBUG] User authentication failed
Log entry 208: [ERROR] Network connection lost
Log entry 209: [INFO] User authentication failed
Log entry 210: [WARNING] Memory allocation error
Log entry 211: [DEBUG] Disk usage is high
Log entry 212: [WARNING] Configuration file missing
Log entry 213: [INFO] Configuration file missing
Log entry 214: [WARNING] Initialization complete
Log entry 215: [ERROR] Database connection established
Log entry 216: [INFO] Data successfully processed
Log entry 217: [CRITICAL] Disk usage is high
Log entry 218: [INFO] Data successfully processed
Log entry 219: [CRITICAL] Data successfully processed
Log entry 220: [WARNING] Processing request
Log entry 221: [ERROR] Disk usage is high
Log entry 222: [WARNING] Initialization complete
Log entry 223: [WARNING] Disk usage is high
Log entry 224: [ERROR] Memory allocation error
Log entry 225: [CRITICAL] Configuration file missing
Log entry 226: [INFO] Memory allocation error
Log entry 227: [INFO] Network connection lost
Log entry 228: [CRITICAL] Disk usage is high
Log entry 229: [ERROR] Data successfully processed
Log entry 230: [CRITICAL] User authentication failed
Log entry 231: [WARNING] Data successfully processed
Log entry 232: [CRITICAL] Memory allocation error
Log entry 233: [ERROR] User authentication failed
Log entry 234: [WARNING] Configuration file missing
Log entry 235: [INFO] Disk usage is high
Log entry 236: [WARNING] File not found
Log entry 237: [WARNING] Network connection lost
Log entry 238: [DEBUG] Initialization complete
Log entry 239: [DEBUG] Processing request
Log entry 240: [DEBUG] Memory allocation error
Log entry 241: [ERROR] Disk usage is high
Log entry 242: [CRITICAL] Initialization complete
Log entry 243: [DEBUG] User authentication failed
Log entry 244: [INFO] Disk usage is high
Log entry 245: [DEBUG] Data successfully processed
Log entry 246: [WARNING] File not found
Log entry 247: [WARNING] Memory allocation error
Log entry 248: [INFO] Processing request
Log entry 249: [CRITICAL] Configuration file missing
Log entry 250: [DEBUG] Database connection established
Log entry 251: [INFO] Network connection lost
Log entry 252: [DEBUG] Configuration file missing
Log entry 253: [INFO] Processing request
Log entry 254: [ERROR] Initialization complete
Log entry 255: [ERROR] Network connection lost
Log entry 256: [CRITICAL] Initialization complete
Log entry 257: [ERROR] Network connection lost
Log entry 258: [INFO] Initialization complete
Log entry 259: [WARNING] Database connection established
Log entry 260: [DEBUG] User authentication failed
Log entry 261: [INFO] File not found
Log entry 262: [DEBUG] Initialization complete
Log entry 263: [ERROR] Disk usage is high
Log entry 264: [INFO] Network connection lost
Log entry 265: [WARNING] Memory allocation error
Log entry 266: [CRITICAL] Data successfully processed
Log entry 267: [WARNING] Memory allocation error
Log entry 268: [CRITICAL] User authentication failed
Log entry 269: [ERROR] Disk usage is high
Log entry 270: [WARNING] Memory allocation error
Log entry 271: [DEBUG] Data successfully processed
Log entry 272: [CRITICAL] Disk usage is high
Log entry 273: [CRITICAL] Processing request
Log entry 274: [DEBUG] Database connection established
Log entry 275: [CRITICAL] Disk usage is high
Log entry 276: [WARNING] Configuration file missing
Log entry 277: [INFO] Processing request
Log entry 278: [ERROR] Initialization complete
Log entry 279: [ERROR] File not found
Log entry 280: [INFO] File not found
Log entry 281: [ERROR] File not found
Log entry 282: [CRITICAL] Database connection established
Log entry 283: [INFO] File not found
Log entry 284: [WARNING] Processing request
Log entry 285: [ERROR] Processing request
Log entry 286: [CRITICAL] Memory allocation error
Log entry 287: [ERROR] File not found
Log entry 288: [ERROR] Data successfully processed
Log entry 289: [INFO] Data successfully processed
Log entry 290: [CRITICAL] Data successfully processed
Log entry 291: [DEBUG] Disk usage is high
Log entry 292: [DEBUG] Database connection established
Log entry 293: [DEBUG] User authentication failed
Log entry 294: [DEBUG] File not found
Log entry 295: [DEBUG] Disk usage is high
Log entry 296: [WARNING] Initialization complete
Log entry 297: [DEBUG] Data successfully processed
Log entry 298: [WARNING] Disk usage is high
Log entry 299: [INFO] Configuration file missing
Log entry 300: [ERROR] Memory allocation error
Log entry 301: [INFO] Data successfully processed
Log entry 302: [CRITICAL] Initialization complete
Log entry 303: [ERROR] File not found
Log entry 304: [WARNING] Data successfully processed
Log entry 305: [INFO] Memory allocation error
Log entry 306: [INFO] Configuration file missing
Log entry 307: [ERROR] User authentication failed
Log entry 308: [CRITICAL] User authentication failed
Log entry 309: [INFO] Disk usage is high
Log entry 310: [DEBUG] Processing request
Log entry 311: [DEBUG] Configuration file missing
Log entry 312: [WARNING] Processing request
Log entry 313: [INFO] Memory allocation error
Log entry 314: [INFO] Initialization complete
Log entry 315: [INFO] Disk usage is high
Log entry 316: [WARNING] Initialization complete
Log entry 317: [WARNING] Disk usage is high
Log entry 318: [WARNING] Network connection lost
Log entry 319: [WARNING] Disk usage is high
Log entry 320: [DEBUG] User authentication failed
Log entry 321: [DEBUG] File not found
Log entry 322: [WARNING] Processing request
Log entry 323: [DEBUG] Network connection lost
Log entry 324: [DEBUG] Processing request
Log entry 325: [ERROR] Disk usage is high
Log entry 326: [DEBUG] Database connection established
Log entry 327: [CRITICAL] Memory allocation error
Log entry 328: [DEBUG] Data successfully processed
Log entry 329: [WARNING] Database connection established
Log entry 330: [INFO] Data successfully processed
Log entry 331: [WARNING] File not found
Log entry 332: [INFO] Processing request
Log entry 333: [INFO] Database connection established
Log entry 334: [INFO] Configuration file missing
Log entry 335: [DEBUG] Initialization complete
Log entry 336: [ERROR] File not found
Log entry 337: [CRITICAL] Memory allocation error
Log entry 338: [INFO] File not found
Log entry 339: [CRITICAL] Disk usage is high
Log entry 340: [DEBUG] File not found
Log entry 341: [ERROR] Network connection lost
Log entry 342: [INFO] Configuration file missing
Log entry 343: [DEBUG] File not found
Log entry 344: [DEBUG] Network connection lost
Log entry 345: [INFO] Configuration file missing
Log entry 346: [INFO] User authentication failed
Log entry 347: [WARNING] Memory allocation error
Log entry 348: [INFO] Data successfully processed
Log entry 349: [DEBUG] Network connection lost
Log entry 350: [DEBUG] Processing request
Log entry 351: [ERROR] Configuration file missing
Log entry 352: [INFO] File not found
Log entry 353: [ERROR] Processing request
Log entry 354: [ERROR] File not found
Log entry 355: [ERROR] Database connection established
Log entry 356: [INFO] Initialization complete
Log entry 357: [ERROR] Database connection established
Log entry 358: [INFO] Network connection lost
Log entry 359: [INFO] Disk usage is high
Log entry 360: [WARNING] Memory allocation error
Log entry 361: [DEBUG] Data successfully processed
Log entry 362: [DEBUG] User authentication failed
Log entry 363: [CRITICAL] File not found
Log entry 364: [INFO] Disk usage is high
Log entry 365: [ERROR] Memory allocation error
Log entry 366: [CRITICAL] Memory allocation error
Log entry 367: [CRITICAL] Database connection established
Log entry 368: [ERROR] Configuration file missing
Log entry 369: [CRITICAL] Memory allocation error
Log entry 370: [CRITICAL] Data successfully processed
Log entry 371: [INFO] Data successfully processed
Log entry 372: [DEBUG] Configuration file missing
Log entry 373: [INFO] Disk usage is high
Log entry 374: [WARNING] Processing request
Log entry 375: [INFO] Processing request
Log entry 376: [ERROR] Data successfully processed
Log entry 377: [CRITICAL] Memory allocation error
Log entry 378: [DEBUG] Memory allocation error
Log entry 379: [INFO] Memory allocation error
Log entry 380: [INFO] Database connection established
Log entry 381: [INFO] File not found
Log entry 382: [ERROR] Configuration file missing
Log entry 383: [INFO] File not found
Log entry 384: [DEBUG] Processing request
Log entry 385: [INFO] Disk usage is high
Log entry 386: [DEBUG] Configuration file missing
Log entry 387: [ERROR] Disk usage is high
Log entry 388: [ERROR] User authentication failed
Log entry 389: [INFO] Disk usage is high
Log entry 390: [WARNING] Configuration file missing
Log entry 391: [DEBUG] Network connection lost
Log entry 392: [WARNING] Data successfully processed
Log entry 393: [ERROR] User authentication failed
Log entry 394: [WARNING] File not found
Log entry 395: [INFO] User authentication failed
Log entry 396: [CRITICAL] Data successfully processed
Log entry 397: [CRITICAL] Disk usage is high
Log entry 398: [WARNING] User authentication failed
Log entry 399: [CRITICAL] User authentication failed
Log entry 400: [DEBUG] Database connection established
Log entry 401: [DEBUG] Data successfully processed
Log entry 402: [ERROR] Configuration file missing
Log entry 403: [WARNING] Processing request
Log entry 404: [ERROR] Disk usage is high
Log entry 405: [CRITICAL] Configuration file missing
Log entry 406: [DEBUG] User authentication failed
Log entry 407: [CRITICAL] Initialization complete
Log entry 408: [CRITICAL] Data successfully processed
Log entry 409: [CRITICAL] Configuration file missing
Log entry 410: [INFO] Processing request
Log entry 411: [WARNING] Network connection lost
Log entry 412: [CRITICAL] Disk usage is high
Log entry 413: [ERROR] Disk usage is high
Log entry 414: [ERROR] Network connection lost
Log entry 415: [WARNING] Initialization complete
Log entry 416: [INFO] Disk usage is high
Log entry 417: [ERROR] Memory allocation error
Log entry 418: [ERROR] Configuration file missing
Log entry 419: [WARNING] Database connection established
Log entry 420: [WARNING] Memory allocation error
Log entry 421: [ERROR] Database connection established
Log entry 422: [INFO] Data successfully processed
Log entry 423: [ERROR] Memory allocation error
Log entry 424: [DEBUG] Initialization complete
Log entry 425: [ERROR] Initialization complete
Log entry 426: [DEBUG] Memory allocation error
Log entry 427: [ERROR] Configuration file missing
Log entry 428: [ERROR] File not found
Log entry 429: [CRITICAL] Database connection established
Log entry 430: [WARNING] Database connection established
Log entry 431: [INFO] Database connection established
Log entry 432: [WARNING] Database connection established
Log entry 433: [WARNING] Configuration file missing
Log entry 434: [WARNING] Data successfully processed
Log entry 435: [CRITICAL] Configuration file missing
Log entry 436: [WARNING] Data successfully processed
Log entry 437: [INFO] Database connection established
Log entry 438: [INFO] Database connection established
Log entry 439: [ERROR] Disk usage is high
Log entry 440: [INFO] Network connection lost
Log entry 441: [CRITICAL] Initialization complete
Log entry 442: [WARNING] Network connection lost
Log entry 443: [DEBUG] Configuration file missing
Log entry 444: [INFO] Initialization complete
Log entry 445: [INFO] User authentication failed
Log entry 446: [ERROR] Data successfully processed
Log entry 447: [DEBUG] Configuration file missing
Log entry 448: [INFO] Configuration file missing
Log entry 449: [WARNING] Configuration file missing
Log entry 450: [WARNING] Network connection lost
Log entry 451: [ERROR] Configuration file missing
Log entry 452: [ERROR] Memory allocation error
Log entry 453: [ERROR] Network connection lost
Log entry 454: [CRITICAL] File not found
Log entry 455: [WARNING] Data successfully processed
Log entry 456: [ERROR] Network connection lost
Log entry 457: [WARNING] Network connection lost
Log entry 458: [ERROR] Network connection lost
Log entry 459: [INFO] Memory allocation error
Log entry 460: [DEBUG] Processing request
Log entry 461: [DEBUG] Initialization complete
Log entry 462: [DEBUG] Network connection lost
Log entry 463: [CRITICAL] Configuration file missing
Log entry 464: [CRITICAL] Initialization complete
Log entry 465: [ERROR] Initialization complete
Log entry 466: [INFO] Initialization complete
Log entry 467: [DEBUG] Initialization complete
Log entry 468: [ERROR] Database connection established
Log entry 469: [DEBUG] Configuration file missing
Log entry 470: [INFO] Disk usage is high
Log entry 471: [DEBUG] Database connection established
Log entry 472: [DEBUG] Database connection established
Log entry 473: [DEBUG] File not found
Log entry 474: [WARNING] Initialization complete
Log entry 475: [WARNING] Configuration file missing
Log entry 476: [INFO] Initialization complete
Log entry 477: [CRITICAL] Database connection established
Log entry 478: [ERROR] Database connection established
Log entry 479: [CRITICAL] Database connection established
Log entry 480: [WARNING] Initialization complete
Log entry 481: [ERROR] Configuration file missing
Log entry 482: [CRITICAL] Database connection established
Log entry 483: [ERROR] Configuration file missing
Log entry 484: [INFO] Disk usage is high
Log entry 485: [ERROR] File not found
Log entry 486: [DEBUG] File not found
Log entry 487: [DEBUG] Memory allocation error
Log entry 488: [ERROR] Processing request
Log entry 489: [CRITICAL] Initialization complete
Log entry 490: [INFO] Processing request
Log entry 491: [DEBUG] Processing request
Log entry 492: [INFO] Initialization complete
Log entry 493: [CRITICAL] Data successfully processed
Log entry 494: [ERROR] File not found
Log entry 495: [INFO] File not found
Log entry 496: [CRITICAL] Disk usage is high
Log entry 497: [ERROR] File not found
Log entry 498: [CRITICAL] Data successfully processed
Log entry 499: [INFO] Disk usage is high
Log entry 500: [WARNING] Network connection lost
Log entry 501: [CRITICAL] User authentication failed
Log entry 502: [DEBUG] File not found
Log entry 503: [ERROR] Data successfully processed
Log entry 504: [INFO] User authentication failed
Log entry 505: [WARNING] Network connection lost
Log entry 506: [INFO] File not found
Log entry 507: [DEBUG] Initialization complete
Log entry 508: [DEBUG] Database connection established
Log entry 509: [CRITICAL] File not found
Log entry 510: [CRITICAL] Database connection established
Log entry 511: [INFO] Memory allocation error
Log entry 512: [CRITICAL] Memory allocation error
Log entry 513: [INFO] Disk usage is high
Log entry 514: [CRITICAL] Initialization complete
Log entry 515: [ERROR] Initialization complete
Log entry 516: [INFO] Disk usage is high
Log entry 517: [CRITICAL] Processing request
Log entry 518: [ERROR] Processing request
Log entry 519: [ERROR] Configuration file missing
Log entry 520: [INFO] Configuration file missing
Log entry 521: [WARNING] File not found
Log entry 522: [WARNING] Configuration file missing
Log entry 523: [INFO] Configuration file missing
Log entry 524: [ERROR] Network connection lost
Log entry 525: [CRITICAL] Data successfully processed
Log entry 526: [INFO] Configuration file missing
Log entry 527: [INFO] Configuration file missing
Log entry 528: [ERROR] Network connection lost
Log entry 529: [WARNING] Memory allocation error
Log entry 530: [CRITICAL] Initialization complete
Log entry 531: [ERROR] Disk usage is high
Log entry 532: [DEBUG] Initialization complete
Log entry 533: [CRITICAL] Processing request
Log entry 534: [WARNING] File not found
Log entry 535: [CRITICAL] Processing request
Log entry 536: [ERROR] User authentication failed
Log entry 537: [ERROR] Disk usage is high
Log entry 538: [CRITICAL] Memory allocation error
Log entry 539: [INFO] Processing request
Log entry 540: [WARNING] Memory allocation error
Log entry 541: [WARNING] User authentication failed
Log entry 542: [WARNING] File not found
Log entry 543: [INFO] Processing request
Log entry 544: [WARNING] File not found
Log entry 545: [WARNING] Database connection established
Log entry 546: [CRITICAL] User authentication failed
Log entry 547: [WARNING] Network connection lost
Log entry 548: [INFO] Database connection established
Log entry 549: [CRITICAL] File not found
Log entry 550: [ERROR] Processing request
Log entry 551: [DEBUG] Memory allocation error
Log entry 552: [WARNING] Network connection lost
Log entry 553: [WARNING] File not found
Log entry 554: [CRITICAL] Initialization complete
Log entry 555: [INFO] Memory allocation error
Log entry 556: [DEBUG] Configuration file missing
Log entry 557: [ERROR] Network connection lost
Log entry 558: [CRITICAL] Initialization complete
Log entry 559: [INFO] Data successfully processed
Log entry 560: [WARNING] Configuration file missing
Log entry 561: [ERROR] User authentication failed
Log entry 562: [CRITICAL] Database connection established
Log entry 563: [CRITICAL] Database connection established
Log entry 564: [INFO] Disk usage is high
Log entry 565: [WARNING] Memory allocation error
Log entry 566: [WARNING] Network connection lost
Log entry 567: [DEBUG] File not found
Log entry 568: [CRITICAL] Data successfully processed
Log entry 569: [CRITICAL] User authentication failed
Log entry 570: [INFO] Database connection established
Log entry 571: [WARNING] File not found
Log entry 572: [INFO] Configuration file missing
Log entry 573: [DEBUG] Disk usage is high
Log entry 574: [WARNING] Configuration file missing
Log entry 575: [ERROR] Data successfully processed
Log entry 576: [WARNING] Database connection established
Log entry 577: [ERROR] Configuration file missing
Log entry 578: [WARNING] Processing request
Log entry 579: [CRITICAL] Memory allocation error
Log entry 580: [INFO] Configuration file missing
Log entry 581: [WARNING] Network connection lost
Log entry 582: [ERROR] Initialization complete
Log entry 583: [INFO] User authentication failed
Log entry 584: [ERROR] File not found
Log entry 585: [CRITICAL] Data successfully processed
Log entry 586: [WARNING] Initialization complete
Log entry 587: [DEBUG] Initialization complete
Log entry 588: [WARNING] Network connection lost
Log entry 589: [CRITICAL] Configuration file missing
Log entry 590: [ERROR] Memory allocation error
Log entry 591: [WARNING] User authentication failed
Log entry 592: [INFO] Processing request
Log entry 593: [WARNING] Memory allocation error
Log entry 594: [ERROR] Memory allocation error
Log entry 595: [ERROR] Data successfully processed
Log entry 596: [WARNING] Disk usage is high
Log entry 597: [DEBUG] User authentication failed
Log entry 598: [WARNING] Configuration file missing
Log entry 599: [INFO] Configuration file missing
Log entry 600: [CRITICAL] Data successfully processed
Log entry 601: [WARNING] File not found
Log entry 602: [ERROR] File not found
Log entry 603: [DEBUG] Memory allocation error
Log entry 604: [WARNING] Initialization complete
Log entry 605: [DEBUG] User authentication failed
Log entry 606: [DEBUG] Initialization complete
Log entry 607: [DEBUG] Configuration file missing
Log entry 608: [DEBUG] Database connection established
Log entry 609: [DEBUG] Configuration file missing
Log entry 610: [WARNING] Database connection established
Log entry 611: [INFO] Data successfully processed
Log entry 612: [CRITICAL] Configuration file missing
Log entry 613: [CRITICAL] Disk usage is high
Log entry 614: [DEBUG] Network connection lost
Log entry 615: [DEBUG] User authentication failed
Log entry 616: [INFO] Data successfully processed
Log entry 617: [ERROR] Configuration file missing
Log entry 618: [CRITICAL] User authentication failed
Log entry 619: [DEBUG] Data successfully processed
Log entry 620: [CRITICAL] User authentication failed
Log entry 621: [DEBUG] Processing request
Log entry 622: [CRITICAL] Network connection lost
Log entry 623: [CRITICAL] Initialization complete
Log entry 624: [DEBUG] File not found
Log entry 625: [CRITICAL] Configuration file missing
Log entry 626: [ERROR] Data successfully processed
Log entry 627: [ERROR] Configuration file missing
Log entry 628: [INFO] Memory allocation error
Log entry 629: [CRITICAL] User authentication failed
Log entry 630: [DEBUG] Configuration file missing
Log entry 631: [INFO] User authentication failed
Log entry 632: [DEBUG] File not found
Log entry 633: [DEBUG] Network connection lost
Log entry 634: [DEBUG] User authentication failed
Log entry 635: [DEBUG] Initialization complete
Log entry 636: [INFO] Initialization complete
Log entry 637: [WARNING] User authentication failed
Log entry 638: [INFO] Processing request
Log entry 639: [INFO] File not found
Log entry 640: [CRITICAL] Database connection established
Log entry 641: [DEBUG] Database connection established
Log entry 642: [DEBUG] Disk usage is high
Log entry 643: [CRITICAL] Network connection lost
Log entry 644: [DEBUG] Initialization complete
Log entry 645: [CRITICAL] Processing request
Log entry 646: [INFO] Data successfully processed
Log entry 647: [CRITICAL] Memory allocation error
Log entry 648: [DEBUG] Database connection established
Log entry 649: [INFO] Processing request
Log entry 650: [INFO] Memory allocation error
Log entry 651: [ERROR] Configuration file missing
Log entry 652: [DEBUG] Initialization complete
Log entry 653: [WARNING] Disk usage is high
Log entry 654: [ERROR] Network connection lost
Log entry 655: [CRITICAL] Processing request
Log entry 656: [WARNING] File not found
Log entry 657: [ERROR] Database connection established
Log entry 658: [CRITICAL] Processing request
Log entry 659: [DEBUG] Network connection lost
Log entry 660: [WARNING] Configuration file missing
Log entry 661: [CRITICAL] Initialization complete
Log entry 662: [DEBUG] Memory allocation error
Log entry 663: [CRITICAL] Processing request
Log entry 664: [ERROR] User authentication failed
Log entry 665: [INFO] Data successfully processed
Log entry 666: [WARNING] User authentication failed
Log entry 667: [DEBUG] User authentication failed
Log entry 668: [INFO] User authentication failed
Log entry 669: [CRITICAL] Network connection lost
Log entry 670: [WARNING] User authentication failed
Log entry 671: [INFO] User authentication failed
Log entry 672: [ERROR] Disk usage is high
Log entry 673: [DEBUG] Data successfully processed
Log entry 674: [WARNING] Network connection lost
Log entry 675: [ERROR] Database connection established
Log entry 676: [INFO] Initialization complete
Log entry 677: [INFO] Database connection established
Log entry 678: [WARNING] Database connection established
Log entry 679: [DEBUG] Network connection lost
Log entry 680: [WARNING] Data successfully processed
Log entry 681: [DEBUG] Processing request
Log entry 682: [INFO] Initialization complete
Log entry 683: [CRITICAL] Data successfully processed
Log entry 684: [INFO] Network connection lost
Log entry 685: [DEBUG] User authentication failed
Log entry 686: [INFO] Configuration file missing
Log entry 687: [WARNING] Memory allocation error
Log entry 688: [INFO] Processing request
Log entry 689: [CRITICAL] Network connection lost
Log entry 690: [DEBUG] Disk usage is high
Log entry 691: [DEBUG] Disk usage is high
Log entry 692: [CRITICAL] Network connection lost
Log entry 693: [INFO] User authentication failed
Log entry 694: [ERROR] Disk usage is high
Log entry 695: [WARNING] Memory allocation error
Log entry 696: [INFO] Configuration file missing
Log entry 697: [WARNING] File not found
Log entry 698: [INFO] Data successfully processed
Log entry 699: [CRITICAL] Processing request
Log entry 700: [INFO] Data successfully processed
Log entry 701: [WARNING] Database connection established
Log entry 702: [DEBUG] Database connection established
Log entry 703: [WARNING] User authentication failed
Log entry 704: [WARNING] Database connection established
Log entry 705: [DEBUG] Configuration file missing
Log entry 706: [ERROR] Data successfully processed
Log entry 707: [INFO] Database connection established
Log entry 708: [DEBUG] Configuration file missing
Log entry 709: [DEBUG] Data successfully processed
Log entry 710: [ERROR] Data successfully processed
Log entry 711: [DEBUG] File not found
Log entry 712: [DEBUG] Data successfully processed
Log entry 713: [ERROR] Processing request
Log entry 714: [INFO] Configuration file missing
Log entry 715: [DEBUG] Network connection lost
Log entry 716: [CRITICAL] Initialization complete
Log entry 717: [DEBUG] Processing request
Log entry 718: [INFO] Configuration file missing
Log entry 719: [CRITICAL] Data successfully processed
Log entry 720: [INFO] Disk usage is high
Log entry 721: [ERROR] Database connection established
Log entry 722: [CRITICAL] Data successfully processed
Log entry 723: [ERROR] Initialization complete
Log entry 724: [WARNING] File not found
Log entry 725: [WARNING] Initialization complete
Log entry 726: [DEBUG] Processing request
Log entry 727: [CRITICAL] File not found
Log entry 728: [ERROR] Data successfully processed
Log entry 729: [WARNING] Data successfully processed
Log entry 730: [ERROR] Processing request
Log entry 731: [INFO] Database connection established
Log entry 732: [WARNING] Database connection established
Log entry 733: [ERROR] File not found
Log entry 734: [CRITICAL] Database connection established
Log entry 735: [ERROR] Memory allocation error
Log entry 736: [CRITICAL] Processing request
Log entry 737: [DEBUG] Initialization complete
Log entry 738: [DEBUG] Disk usage is high
Log entry 739: [CRITICAL] Disk usage is high
Log entry 740: [INFO] Configuration file missing
Log entry 741: [INFO] Processing request
Log entry 742: [WARNING] File not found
Log entry 743: [CRITICAL] Processing request
Log entry 744: [DEBUG] User authentication failed
Log entry 745: [INFO] Disk usage is high
Log entry 746: [CRITICAL] Processing request
Log entry 747: [ERROR] User authentication failed
Log entry 748: [DEBUG] Initialization complete
Log entry 749: [DEBUG] Database connection established
Log entry 750: [DEBUG] Initialization complete
Log entry 751: [DEBUG] Initialization complete
Log entry 752: [CRITICAL] Configuration file missing
Log entry 753: [WARNING] File not found
Log entry 754: [CRITICAL] Processing request
Log entry 755: [WARNING] Database connection established
Log entry 756: [WARNING] User authentication failed
Log entry 757: [DEBUG] Database connection established
Log entry 758: [INFO] Initialization complete
Log entry 759: [CRITICAL] Database connection established
Log entry 760: [CRITICAL] File not found
Log entry 761: [INFO] Disk usage is high
Log entry 762: [CRITICAL] File not found
Log entry 763: [ERROR] Memory allocation error
Log entry 764: [WARNING] Database connection established
Log entry 765: [CRITICAL] Configuration file missing
Log entry 766: [DEBUG] Processing request
Log entry 767: [DEBUG] Disk usage is high
Log entry 768: [WARNING] Disk usage is high
Log entry 769: [DEBUG] Configuration file missing
Log entry 770: [CRITICAL] Data successfully processed
Log entry 771: [INFO] Data successfully processed
Log entry 772: [ERROR] Disk usage is high
Log entry 773: [ERROR] Configuration file missing
Log entry 774: [ERROR] User authentication failed
Log entry 775: [CRITICAL] Disk usage is high
Log entry 776: [WARNING] Disk usage is high
Log entry 777: [ERROR] User authentication failed
Log entry 778: [WARNING] Initialization complete
Log entry 779: [DEBUG] Data successfully processed
Log entry 780: [CRITICAL] Memory allocation error
Log entry 781: [CRITICAL] Network connection lost
Log entry 782: [INFO] Database connection established
Log entry 783: [DEBUG] Disk usage is high
Log entry 784: [INFO] Data successfully processed
Log entry 785: [INFO] Database connection established
Log entry 786: [ERROR] Network connection lost
Log entry 787: [WARNING] Configuration file missing
Log entry 788: [CRITICAL] Disk usage is high
Log entry 789: [ERROR] User authentication failed
Log entry 790: [CRITICAL] Processing request
Log entry 791: [DEBUG] User authentication failed
Log entry 792: [ERROR] Processing request
Log entry 793: [CRITICAL] Initialization complete
Log entry 794: [ERROR] File not found
Log entry 795: [CRITICAL] Data successfully processed
Log entry 796: [CRITICAL] Initialization complete
Log entry 797: [ERROR] Memory allocation error
Log entry 798: [INFO] Data successfully processed
Log entry 799: [DEBUG] Configuration file missing
Log entry 800: [ERROR] File not found
Log entry 801: [ERROR] Network connection lost
Log entry 802: [INFO] File not found
Log entry 803: [WARNING] Network connection lost
Log entry 804: [WARNING] Processing request
Log entry 805: [WARNING] Initialization complete
Log entry 806: [ERROR] Disk usage is high
Log entry 807: [DEBUG] Disk usage is high
Log entry 808: [WARNING] File not found
Log entry 809: [ERROR] Database connection established
Log entry 810: [CRITICAL] Processing request
Log entry 811: [WARNING] Initialization complete
Log entry 812: [WARNING] Memory allocation error
Log entry 813: [DEBUG] Database connection established
Log entry 814: [INFO] User authentication failed
Log entry 815: [ERROR] Processing request
Log entry 816: [DEBUG] Processing request
Log entry 817: [CRITICAL] User authentication failed
Log entry 818: [DEBUG] Processing request
Log entry 819: [ERROR] Configuration file missing
Log entry 820: [INFO] Initialization complete
Log entry 821: [ERROR] File not found
Log entry 822: [DEBUG] Disk usage is high
Log entry 823: [ERROR] Initialization complete
Log entry 824: [WARNING] Processing request
Log entry 825: [WARNING] Configuration file missing
Log entry 826: [INFO] Database connection established
Log entry 827: [INFO] Disk usage is high
Log entry 828: [INFO] Configuration file missing
Log entry 829: [CRITICAL] Disk usage is high
Log entry 830: [WARNING] Processing request
Log entry 831: [ERROR] Network connection lost
Log entry 832: [WARNING] Configuration file missing
Log entry 833: [INFO] Data successfully processed
Log entry 834: [DEBUG] Disk usage is high
Log entry 835: [DEBUG] Memory allocation error
Log entry 836: [ERROR] Database connection established
Log entry 837: [CRITICAL] Database connection established
Log entry 838: [INFO] File not found
Log entry 839: [CRITICAL] Network connection lost
